Using pre-set license
Built from '2022.3/staging' branch; Version is '2022.3.13f1 (5f90a5ebde0f) revision 6262949'; Using compiler version '192829333'; Build Type 'Release'
OS: 'Windows 11  (10.0.22621) 64bit CoreSingleLanguage' Language: 'en' Physical Memory: 16108 MB
BatchMode: 1, IsHumanControllingUs: 0, StartBugReporterOnCrash: 0, Is64bit: 1, IsPro: 1

COMMAND LINE ARGUMENTS:
C:\Program Files\Unity\Hub\Editor\2022.3.13f1\Editor\Unity.exe
-adb2
-batchMode
-noUpm
-name
AssetImportWorker8
-projectPath
D:/Unity Project/GGJSurabaya
-logFile
Logs/AssetImportWorker8.log
-srvPort
55373
Successfully changed project path to: D:/Unity Project/GGJSurabaya
D:/Unity Project/GGJSurabaya
[UnityMemory] Configuration Parameters - Can be set up in boot.config
    "memorysetup-bucket-allocator-granularity=16"
    "memorysetup-bucket-allocator-bucket-count=8"
    "memorysetup-bucket-allocator-block-size=33554432"
    "memorysetup-bucket-allocator-block-count=8"
    "memorysetup-main-allocator-block-size=16777216"
    "memorysetup-thread-allocator-block-size=16777216"
    "memorysetup-gfx-main-allocator-block-size=16777216"
    "memorysetup-gfx-thread-allocator-block-size=16777216"
    "memorysetup-cache-allocator-block-size=4194304"
    "memorysetup-typetree-allocator-block-size=2097152"
    "memorysetup-profiler-bucket-allocator-granularity=16"
    "memorysetup-profiler-bucket-allocator-bucket-count=8"
    "memorysetup-profiler-bucket-allocator-block-size=33554432"
    "memorysetup-profiler-bucket-allocator-block-count=8"
    "memorysetup-profiler-allocator-block-size=16777216"
    "memorysetup-profiler-editor-allocator-block-size=1048576"
    "memorysetup-temp-allocator-size-main=16777216"
    "memorysetup-job-temp-allocator-block-size=2097152"
    "memorysetup-job-temp-allocator-block-size-background=1048576"
    "memorysetup-job-temp-allocator-reduction-small-platforms=262144"
    "memorysetup-allocator-temp-initial-block-size-main=262144"
    "memorysetup-allocator-temp-initial-block-size-worker=262144"
    "memorysetup-temp-allocator-size-background-worker=32768"
    "memorysetup-temp-allocator-size-job-worker=262144"
    "memorysetup-temp-allocator-size-preload-manager=33554432"
    "memorysetup-temp-allocator-size-nav-mesh-worker=65536"
    "memorysetup-temp-allocator-size-audio-worker=65536"
    "memorysetup-temp-allocator-size-cloud-worker=32768"
    "memorysetup-temp-allocator-size-gi-baking-worker=262144"
    "memorysetup-temp-allocator-size-gfx=262144"
Player connection [32432] Host "[IP] 192.168.10.125 [Port] 0 [Flags] 2 [Guid] 4125080631 [EditorId] 4125080631 [Version] 1048832 [Id] WindowsEditor(7,LAPTOP-39VFKFM7) [Debug] 1 [PackageName] WindowsEditor [ProjectName] Editor" joined multi-casting on [225.0.0.222:54997]...

Player connection [32432] Host "[IP] 192.168.10.125 [Port] 0 [Flags] 2 [Guid] 4125080631 [EditorId] 4125080631 [Version] 1048832 [Id] WindowsEditor(7,LAPTOP-39VFKFM7) [Debug] 1 [PackageName] WindowsEditor [ProjectName] Editor" joined alternative multi-casting on [225.0.0.222:34997]...

[Physics::Module] Initialized MultithreadedJobDispatcher with 15 workers.
Refreshing native plugins compatible for Editor in 7.27 ms, found 4 plugins.
Preloading 0 native plugins for Editor in 0.00 ms.
Initialize engine version: 2022.3.13f1 (5f90a5ebde0f)
[Subsystems] Discovering subsystems at path C:/Program Files/Unity/Hub/Editor/2022.3.13f1/Editor/Data/Resources/UnitySubsystems
[Subsystems] Discovering subsystems at path D:/Unity Project/GGJSurabaya/Assets
GfxDevice: creating device client; threaded=0; jobified=0
Direct3D:
    Version:  Direct3D 11.0 [level 11.1]
    Renderer: NVIDIA GeForce RTX 4050 Laptop GPU (ID=0x28e1)
    Vendor:   NVIDIA
    VRAM:     5935 MB
    Driver:   31.0.15.3770
Initialize mono
Mono path[0] = 'C:/Program Files/Unity/Hub/Editor/2022.3.13f1/Editor/Data/Managed'
Mono path[1] = 'C:/Program Files/Unity/Hub/Editor/2022.3.13f1/Editor/Data/MonoBleedingEdge/lib/mono/unityjit-win32'
Mono config path = 'C:/Program Files/Unity/Hub/Editor/2022.3.13f1/Editor/Data/MonoBleedingEdge/etc'
Using monoOptions --debugger-agent=transport=dt_socket,embedding=1,server=y,suspend=n,address=127.0.0.1:56592
Begin MonoManager ReloadAssembly
Registering precompiled unity dll's ...
Register platform support module: C:/Program Files/Unity/Hub/Editor/2022.3.13f1/Editor/Data/PlaybackEngines/WebGLSupport/UnityEditor.WebGL.Extensions.dll
Register platform support module: C:/Program Files/Unity/Hub/Editor/2022.3.13f1/Editor/Data/PlaybackEngines/AndroidPlayer/UnityEditor.Android.Extensions.dll
Register platform support module: C:/Program Files/Unity/Hub/Editor/2022.3.13f1/Editor/Data/PlaybackEngines/WindowsStandaloneSupport/UnityEditor.WindowsStandalone.Extensions.dll
Registered in 0.007894 seconds.
- Loaded All Assemblies, in  0.272 seconds
Native extension for WindowsStandalone target not found
Native extension for Android target not found
Android Extension - Scanning For ADB Devices 236 ms
Native extension for WebGL target not found
Mono: successfully reloaded assembly
- Finished resetting the current domain, in  0.470 seconds
Domain Reload Profiling: 740ms
	BeginReloadAssembly (87ms)
		ExecutionOrderSort (0ms)
		DisableScriptedObjects (0ms)
		BackupInstance (0ms)
		ReleaseScriptingObjects (0ms)
		CreateAndSetChildDomain (1ms)
	RebuildCommonClasses (24ms)
	RebuildNativeTypeToScriptingClass (8ms)
	initialDomainReloadingComplete (46ms)
	LoadAllAssembliesAndSetupDomain (107ms)
		LoadAssemblies (86ms)
		RebuildTransferFunctionScriptingTraits (0ms)
		AnalyzeDomain (105ms)
			TypeCache.Refresh (104ms)
				TypeCache.ScanAssembly (95ms)
			ScanForSourceGeneratedMonoScriptInfo (0ms)
			ResolveRequiredComponents (0ms)
	FinalizeReload (470ms)
		ReleaseScriptCaches (0ms)
		RebuildScriptCaches (0ms)
		SetupLoadedEditorAssemblies (429ms)
			LogAssemblyErrors (0ms)
			InitializePlatformSupportModulesInManaged (320ms)
			SetLoadedEditorAssemblies (3ms)
			RefreshPlugins (0ms)
			BeforeProcessingInitializeOnLoad (1ms)
			ProcessInitializeOnLoadAttributes (69ms)
			ProcessInitializeOnLoadMethodAttributes (35ms)
			AfterProcessingInitializeOnLoad (0ms)
			EditorAssembliesLoaded (0ms)
		ExecutionOrderSort2 (0ms)
		AwakeInstancesAfterBackupRestoration (0ms)
========================================================================
Worker process is ready to serve import requests
Begin MonoManager ReloadAssembly
- Loaded All Assemblies, in  0.461 seconds
Refreshing native plugins compatible for Editor in 2.53 ms, found 4 plugins.
Native extension for WindowsStandalone target not found
Native extension for Android target not found
Native extension for WebGL target not found
Package Manager log level set to [2]
[Package Manager] Server::EnsureServerProcessIsRunning -- launch failed, reason: Unity was launched with the -noUpm command-line argument
[Package Manager] UpmClient::Send -- Unable to send message (not connected to UPM process).
[Package Manager] Cannot connect to Unity Package Manager local server
Mono: successfully reloaded assembly
- Finished resetting the current domain, in  0.448 seconds
Domain Reload Profiling: 907ms
	BeginReloadAssembly (120ms)
		ExecutionOrderSort (0ms)
		DisableScriptedObjects (4ms)
		BackupInstance (0ms)
		ReleaseScriptingObjects (0ms)
		CreateAndSetChildDomain (17ms)
	RebuildCommonClasses (26ms)
	RebuildNativeTypeToScriptingClass (7ms)
	initialDomainReloadingComplete (29ms)
	LoadAllAssembliesAndSetupDomain (278ms)
		LoadAssemblies (218ms)
		RebuildTransferFunctionScriptingTraits (0ms)
		AnalyzeDomain (125ms)
			TypeCache.Refresh (106ms)
				TypeCache.ScanAssembly (93ms)
			ScanForSourceGeneratedMonoScriptInfo (15ms)
			ResolveRequiredComponents (3ms)
	FinalizeReload (448ms)
		ReleaseScriptCaches (0ms)
		RebuildScriptCaches (0ms)
		SetupLoadedEditorAssemblies (328ms)
			LogAssemblyErrors (0ms)
			InitializePlatformSupportModulesInManaged (19ms)
			SetLoadedEditorAssemblies (3ms)
			RefreshPlugins (0ms)
			BeforeProcessingInitializeOnLoad (46ms)
			ProcessInitializeOnLoadAttributes (223ms)
			ProcessInitializeOnLoadMethodAttributes (31ms)
			AfterProcessingInitializeOnLoad (6ms)
			EditorAssembliesLoaded (0ms)
		ExecutionOrderSort2 (0ms)
		AwakeInstancesAfterBackupRestoration (5ms)
Launched and connected shader compiler UnityShaderCompiler.exe after 0.07 seconds
Refreshing native plugins compatible for Editor in 2.13 ms, found 4 plugins.
Preloading 0 native plugins for Editor in 0.00 ms.
Unloading 4089 Unused Serialized files (Serialized files now loaded: 0)
Unloading 70 unused Assets / (244.6 KB). Loaded Objects now: 4549.
Memory consumption went from 154.9 MB to 154.6 MB.
Total: 3.239600 ms (FindLiveObjects: 0.201500 ms CreateObjectMapping: 0.240600 ms MarkObjects: 2.612800 ms  DeleteObjects: 0.183200 ms)

AssetImportParameters requested are different than current active one (requested -> active):
  custom:container-demuxer-ogg: 62fdf1f143b41e24485cea50d1cbac27 -> 
  custom:video-codec-MediaFoundation-h265: 746d11721c4dcdbdad8f713fa42b33f4 -> 
  custom:video-decoder-ogg-theora: a1e56fd34408186e4bbccfd4996cb3dc -> 
  custom:framework-win-MediaFoundation: 216162199b28c13a410421893ffa2e32 -> 
  custom:CustomObjectIndexerAttribute: 756ad292c208cfabdd7b50bc23989ffe -> 
  custom:container-demuxer-webm: 4f35f7cbe854078d1ac9338744f61a02 -> 
  custom:container-muxer-webm: aa71ff27fc2769a1b78a27578f13a17b -> 
  custom:video-decoder-webm-vp8: 9c59270c3fd7afecdb556c50c9e8de78 -> 
  custom:SearchIndexIgnoredProperties: e643bd26f0fe6173181afceb89e7c659 -> 
  custom:AudioImporter_EditorPlatform: d09bf68614088b80899f8185d706f6e7 -> 
  custom:scripting/monoscript/fileName/PingPongScript.cs: 6ed1f77a0ad1e444411fd25af8bff3da -> 
  custom:scripting/monoscript/fileName/MainMenuManager.cs: c4355e9d7445739543b7418688f062a0 -> 
  custom:video-encoder-webm-vp8: eb34c28f22e8b96e1ab97ce403110664 -> 
  custom:audio-decoder-ogg-vorbis: bf7c407c2cedff20999df2af8eb42d56 -> 
  custom:audio-encoder-webm-vorbis: bf7c407c2cedff20999df2af8eb42d56 -> 
========================================================================
Received Import Request.
  Time since last request: 86175.723665 seconds.
  path: Assets/Sprite/tiles6 1.png
  artifactKey: Guid(76657c9405cabf34ba59efecc0a7934a) Importer(815301076,1909f56bfc062723c751e8b465ee728b)
Start importing Assets/Sprite/tiles6 1.png using Guid(76657c9405cabf34ba59efecc0a7934a) Importer(815301076,1909f56bfc062723c751e8b465ee728b)  -> (artifact id: '90e5b7a0a7e4fe467ac9c2882a270eb2') in 0.091754 seconds
Number of updated asset objects reloaded before import = 0
Number of asset objects unloaded after import = 3
========================================================================
Received Import Request.
  Time since last request: 39.553918 seconds.
  path: Assets/Prefabs/Player 2.prefab
  artifactKey: Guid(dac71d5933c77bc4a884795683494a23) Importer(815301076,1909f56bfc062723c751e8b465ee728b)
Start importing Assets/Prefabs/Player 2.prefab using Guid(dac71d5933c77bc4a884795683494a23) Importer(815301076,1909f56bfc062723c751e8b465ee728b)  -> (artifact id: '4e3fef420c7216711e910ce230831550') in 0.007540 seconds
Number of updated asset objects reloaded before import = 0
Number of asset objects unloaded after import = 8
========================================================================
Received Import Request.
  Time since last request: 0.027710 seconds.
  path: Assets/Prefabs/Player 1.prefab
  artifactKey: Guid(3295668b944820747a1ad6c015699a31) Importer(815301076,1909f56bfc062723c751e8b465ee728b)
Start importing Assets/Prefabs/Player 1.prefab using Guid(3295668b944820747a1ad6c015699a31) Importer(815301076,1909f56bfc062723c751e8b465ee728b)  -> (artifact id: '4fd1020eb2dcaffeb13cfd453587e943') in 0.001429 seconds
Number of updated asset objects reloaded before import = 0
Number of asset objects unloaded after import = 8
========================================================================
Received Import Request.
  Time since last request: 4.131575 seconds.
  path: Assets/Scenes/Level_1.unity
  artifactKey: Guid(7d0b0f9746d035f4b9b8fad49bdf4d1c) Importer(815301076,1909f56bfc062723c751e8b465ee728b)
Start importing Assets/Scenes/Level_1.unity using Guid(7d0b0f9746d035f4b9b8fad49bdf4d1c) Importer(815301076,1909f56bfc062723c751e8b465ee728b)  -> (artifact id: '535a8d023f174ee4350003225cc646ef') in 0.000500 seconds
Number of updated asset objects reloaded before import = 0
Number of asset objects unloaded after import = 0
========================================================================
Received Import Request.
  Time since last request: 103.763231 seconds.
  path: Assets/Sprite/CHAR 324.png
  artifactKey: Guid(09802c68a6a77c44186fecb62308c1f1) Importer(815301076,1909f56bfc062723c751e8b465ee728b)
Start importing Assets/Sprite/CHAR 324.png using Guid(09802c68a6a77c44186fecb62308c1f1) Importer(815301076,1909f56bfc062723c751e8b465ee728b)  -> (artifact id: '2cdc251b74df50fc948b761d78f89182') in 0.142505 seconds
Number of updated asset objects reloaded before import = 0
Number of asset objects unloaded after import = 12
========================================================================
Received Import Request.
  Time since last request: 7.622675 seconds.
  path: Assets/Sprite/CHAR 323.png
  artifactKey: Guid(18c6f30e491eeca4ca76c4942cc96d3e) Importer(815301076,1909f56bfc062723c751e8b465ee728b)
Start importing Assets/Sprite/CHAR 323.png using Guid(18c6f30e491eeca4ca76c4942cc96d3e) Importer(815301076,1909f56bfc062723c751e8b465ee728b)  -> (artifact id: '08e27d04a18b06f9d9ab3d436a5c7a79') in 0.165134 seconds
Number of updated asset objects reloaded before import = 0
Number of asset objects unloaded after import = 12
========================================================================
Received Import Request.
  Time since last request: 49.974083 seconds.
  path: Assets/Font/Milonga/Milonga-Regular SDF.asset
  artifactKey: Guid(38ea2e5bcb4e2d048a1ff02f48dcbf7d) Importer(815301076,1909f56bfc062723c751e8b465ee728b)
Start importing Assets/Font/Milonga/Milonga-Regular SDF.asset using Guid(38ea2e5bcb4e2d048a1ff02f48dcbf7d) Importer(815301076,1909f56bfc062723c751e8b465ee728b)  -> (artifact id: '8f473f249e71892214e6230020844271') in 0.119365 seconds
Number of updated asset objects reloaded before import = 0
Number of asset objects unloaded after import = 6
========================================================================
Received Import Request.
  Time since last request: 42.400540 seconds.
  path: Assets/Sprite/Ground/Section 3.png
  artifactKey: Guid(0e64313eaa873d945af75e2e9ed33544) Importer(815301076,1909f56bfc062723c751e8b465ee728b)
Start importing Assets/Sprite/Ground/Section 3.png using Guid(0e64313eaa873d945af75e2e9ed33544) Importer(815301076,1909f56bfc062723c751e8b465ee728b)  -> (artifact id: 'e39d22e6bf84d10ade9f2d0621d2ca0d') in 0.043774 seconds
Number of updated asset objects reloaded before import = 0
Number of asset objects unloaded after import = 2
========================================================================
Received Import Request.
  Time since last request: 7.882511 seconds.
  path: Assets/Sprite/Ground/Section 3.png
  artifactKey: Guid(0e64313eaa873d945af75e2e9ed33544) Importer(815301076,1909f56bfc062723c751e8b465ee728b)
Start importing Assets/Sprite/Ground/Section 3.png using Guid(0e64313eaa873d945af75e2e9ed33544) Importer(815301076,1909f56bfc062723c751e8b465ee728b)  -> (artifact id: 'c4c48b1a0d822323d46d54f9f0d1d957') in 0.038191 seconds
Number of updated asset objects reloaded before import = 0
Number of asset objects unloaded after import = 3
========================================================================
Received Import Request.
  Time since last request: 68.035595 seconds.
  path: Assets/Sprite/Ground/Section 3.png
  artifactKey: Guid(0e64313eaa873d945af75e2e9ed33544) Importer(815301076,1909f56bfc062723c751e8b465ee728b)
Start importing Assets/Sprite/Ground/Section 3.png using Guid(0e64313eaa873d945af75e2e9ed33544) Importer(815301076,1909f56bfc062723c751e8b465ee728b)  -> (artifact id: 'f6473fed7289668aae6f867c59b8777b') in 0.048366 seconds
Number of updated asset objects reloaded before import = 0
Number of asset objects unloaded after import = 3
========================================================================
Received Import Request.
  Time since last request: 49.623561 seconds.
  path: Assets/Sprite/Ground/Group 3.png
  artifactKey: Guid(0e937c27827ed1c40a9aa791ee681333) Importer(815301076,1909f56bfc062723c751e8b465ee728b)
Start importing Assets/Sprite/Ground/Group 3.png using Guid(0e937c27827ed1c40a9aa791ee681333) Importer(815301076,1909f56bfc062723c751e8b465ee728b)  -> (artifact id: '94b69bdd5debf581bf1b83823428e15c') in 0.048043 seconds
Number of updated asset objects reloaded before import = 0
Number of asset objects unloaded after import = 3
========================================================================
Received Import Request.
  Time since last request: 0.004016 seconds.
  path: Assets/Sprite/Ground/Group 12.png
  artifactKey: Guid(37f9e9bd400607d458e22a27b22b46ea) Importer(815301076,1909f56bfc062723c751e8b465ee728b)
Start importing Assets/Sprite/Ground/Group 12.png using Guid(37f9e9bd400607d458e22a27b22b46ea) Importer(815301076,1909f56bfc062723c751e8b465ee728b)  -> (artifact id: 'ace1c58df29c984b7d9d8e6c62c7bead') in 0.046344 seconds
Number of updated asset objects reloaded before import = 0
Number of asset objects unloaded after import = 3
========================================================================
Received Import Request.
  Time since last request: 0.000450 seconds.
  path: Assets/Sprite/Ground/Group 15.png
  artifactKey: Guid(6e9109568cc5daa4680c93bb17a66b4f) Importer(815301076,1909f56bfc062723c751e8b465ee728b)
Start importing Assets/Sprite/Ground/Group 15.png using Guid(6e9109568cc5daa4680c93bb17a66b4f) Importer(815301076,1909f56bfc062723c751e8b465ee728b)  -> (artifact id: '91ea42659097b179c04a1adbe3c850db') in 0.033070 seconds
Number of updated asset objects reloaded before import = 0
Number of asset objects unloaded after import = 3
========================================================================
Received Import Request.
  Time since last request: 0.000096 seconds.
  path: Assets/Sprite/Ground/Group 7.png
  artifactKey: Guid(1ea95f87a64c8414f9effdf57862a364) Importer(815301076,1909f56bfc062723c751e8b465ee728b)
Start importing Assets/Sprite/Ground/Group 7.png using Guid(1ea95f87a64c8414f9effdf57862a364) Importer(815301076,1909f56bfc062723c751e8b465ee728b)  -> (artifact id: '7c4b7c51d18dec8f031d7c9c2185f3e5') in 0.036432 seconds
Number of updated asset objects reloaded before import = 0
Number of asset objects unloaded after import = 3
========================================================================
Received Import Request.
  Time since last request: 0.000016 seconds.
  path: Assets/Sprite/Ground/Group 10.png
  artifactKey: Guid(09d7ae37c10edba4aa1006f1d8b5f724) Importer(815301076,1909f56bfc062723c751e8b465ee728b)
Start importing Assets/Sprite/Ground/Group 10.png using Guid(09d7ae37c10edba4aa1006f1d8b5f724) Importer(815301076,1909f56bfc062723c751e8b465ee728b)  -> (artifact id: '1bf16a3297ada99d22ad13287efde0c6') in 0.045081 seconds
Number of updated asset objects reloaded before import = 0
Number of asset objects unloaded after import = 3
========================================================================
Received Import Request.
  Time since last request: 0.000018 seconds.
  path: Assets/Sprite/Ground/Group 16.png
  artifactKey: Guid(2a82a8ae47b9dc04793858647fd5735c) Importer(815301076,1909f56bfc062723c751e8b465ee728b)
Start importing Assets/Sprite/Ground/Group 16.png using Guid(2a82a8ae47b9dc04793858647fd5735c) Importer(815301076,1909f56bfc062723c751e8b465ee728b)  -> (artifact id: 'ffe3e3b24e1437b0816c98af3ccd6ebc') in 0.034007 seconds
Number of updated asset objects reloaded before import = 0
Number of asset objects unloaded after import = 3
========================================================================
Received Import Request.
  Time since last request: 0.000086 seconds.
  path: Assets/Sprite/Ground/Group 11.png
  artifactKey: Guid(8dc2184952ca9eb489f74fd50988a00d) Importer(815301076,1909f56bfc062723c751e8b465ee728b)
Start importing Assets/Sprite/Ground/Group 11.png using Guid(8dc2184952ca9eb489f74fd50988a00d) Importer(815301076,1909f56bfc062723c751e8b465ee728b)  -> (artifact id: 'da57cdee3159fa38c90a180c53b4837c') in 0.020563 seconds
Number of updated asset objects reloaded before import = 0
Number of asset objects unloaded after import = 3
Editor requested this worker to shutdown with reason: Scaling down because of idle timeout
TcpMessagingSession - receive error: operation aborted. errorcode: 995, details: The I/O operation has been aborted because of either a thread exit or an application request.
AssetImportWorker is now disconnected from the server
Process exiting
Exiting without the bug reporter. Application will terminate with return code 0